2026-02-12 21:49:00,676 [INFO] httpx: HTTP Request: GET https://httpbin.org/spec.json "HTTP/1.1 200 OK"
2026-02-12 21:49:15,813 [INFO] httpx: HTTP Request: GET https://httpbin.org/spec.json "HTTP/1.1 200 OK"
2026-02-13 07:39:01,288 [INFO] httpx: HTTP Request: GET https://httpbin.org/spec.json "HTTP/1.1 200 OK"
2026-02-13 07:39:20,271 [INFO] httpx: HTTP Request: GET https://httpbin.org/spec.json "HTTP/1.1 200 OK"
2026-02-13 07:40:39,599 [INFO] httpx: HTTP Request: GET https://httpbin.org/spec.json "HTTP/1.1 200 OK"
2026-02-13 07:40:56,931 [INFO] httpx: HTTP Request: GET https://httpbin.org/spec.json "HTTP/1.1 200 OK"
2026-02-13 07:41:10,688 [INFO] httpx: HTTP Request: GET https://httpbin.org/spec.json "HTTP/1.1 200 OK"
2026-02-13 07:41:16,922 [INFO] httpx: HTTP Request: GET https://httpbin.org/spec.json "HTTP/1.1 200 OK"
2026-02-13 07:41:23,160 [INFO] httpx: HTTP Request: GET https://httpbin.org/spec.json "HTTP/1.1 200 OK"
2026-02-13 07:41:29,646 [INFO] httpx: HTTP Request: GET https://httpbin.org/spec.json "HTTP/1.1 200 OK"
2026-02-13 07:41:41,788 [INFO] httpx: HTTP Request: GET https://httpbin.org/spec.json "HTTP/1.1 200 OK"
2026-02-13 07:41:47,939 [INFO] httpx: HTTP Request: GET https://httpbin.org/spec.json "HTTP/1.1 200 OK"
2026-02-13 07:41:58,553 [INFO] httpx: HTTP Request: GET https://httpbin.org/spec.json "HTTP/1.1 200 OK"
2026-02-13 07:44:01,455 [INFO] httpx: HTTP Request: GET https://httpbin.org/spec.json "HTTP/1.1 200 OK"
2026-02-13 07:44:07,915 [INFO] httpx: HTTP Request: GET https://httpbin.org/spec.json "HTTP/1.1 200 OK"
2026-02-13 07:44:16,596 [INFO] httpx: HTTP Request: GET https://httpbin.org/spec.json "HTTP/1.1 200 OK"
2026-02-13 07:44:22,904 [INFO] httpx: HTTP Request: GET https://httpbin.org/spec.json "HTTP/1.1 200 OK"
2026-02-13 07:44:39,488 [INFO] httpx: HTTP Request: GET https://httpbin.org/spec.json "HTTP/1.1 200 OK"
2026-02-13 07:44:45,525 [INFO] httpx: HTTP Request: GET https://httpbin.org/spec.json "HTTP/1.1 200 OK"
2026-02-13 07:44:52,001 [INFO] httpx: HTTP Request: GET https://httpbin.org/spec.json "HTTP/1.1 200 OK"
2026-02-13 07:44:58,232 [INFO] httpx: HTTP Request: GET https://httpbin.org/spec.json "HTTP/1.1 200 OK"
2026-02-13 07:45:05,734 [INFO] httpx: HTTP Request: GET https://httpbin.org/spec.json "HTTP/1.1 200 OK"
2026-02-13 07:45:48,490 [INFO] httpx: HTTP Request: GET https://httpbin.org/spec.json "HTTP/1.1 200 OK"
2026-02-13 07:46:06,905 [INFO] httpx: HTTP Request: GET https://httpbin.org/spec.json "HTTP/1.1 200 OK"
2026-02-13 07:46:19,603 [INFO] httpx: HTTP Request: GET https://httpbin.org/spec.json "HTTP/1.1 200 OK"
2026-02-13 07:46:25,735 [INFO] httpx: HTTP Request: GET https://httpbin.org/spec.json "HTTP/1.1 200 OK"
2026-02-13 07:46:31,794 [INFO] httpx: HTTP Request: GET https://httpbin.org/spec.json "HTTP/1.1 200 OK"
2026-02-13 07:46:39,925 [INFO] httpx: HTTP Request: GET https://httpbin.org/spec.json "HTTP/1.1 200 OK"
2026-02-13 07:46:47,202 [INFO] httpx: HTTP Request: GET https://httpbin.org/spec.json "HTTP/1.1 200 OK"
2026-02-13 07:46:53,601 [INFO] httpx: HTTP Request: GET https://httpbin.org/spec.json "HTTP/1.1 200 OK"
2026-02-13 07:46:59,945 [INFO] httpx: HTTP Request: GET https://httpbin.org/spec.json "HTTP/1.1 200 OK"
2026-02-13 07:47:05,951 [INFO] httpx: HTTP Request: GET https://httpbin.org/spec.json "HTTP/1.1 200 OK"
2026-02-13 07:47:13,194 [INFO] httpx: HTTP Request: GET https://httpbin.org/spec.json "HTTP/1.1 200 OK"
2026-02-13 07:48:42,501 [INFO] httpx: HTTP Request: GET https://httpbin.org/spec.json "HTTP/1.1 200 OK"
2026-02-13 07:48:49,207 [INFO] httpx: HTTP Request: GET https://httpbin.org/spec.json "HTTP/1.1 200 OK"
2026-02-13 07:48:55,715 [INFO] httpx: HTTP Request: GET https://httpbin.org/spec.json "HTTP/1.1 200 OK"
2026-02-13 07:49:01,789 [INFO] httpx: HTTP Request: GET https://httpbin.org/spec.json "HTTP/1.1 200 OK"
2026-02-13 07:50:17,582 [INFO] httpx: HTTP Request: GET https://httpbin.org/spec.json "HTTP/1.1 200 OK"
2026-02-13 07:50:35,181 [INFO] httpx: HTTP Request: GET https://httpbin.org/spec.json "HTTP/1.1 200 OK"
2026-02-13 07:50:41,655 [INFO] httpx: HTTP Request: GET https://httpbin.org/spec.json "HTTP/1.1 200 OK"
2026-02-13 07:50:47,843 [INFO] httpx: HTTP Request: GET https://httpbin.org/spec.json "HTTP/1.1 200 OK"
2026-02-13 07:50:56,776 [INFO] httpx: HTTP Request: GET https://httpbin.org/spec.json "HTTP/1.1 200 OK"
2026-02-13 07:51:19,713 [INFO] httpx: HTTP Request: GET https://httpbin.org/spec.json "HTTP/1.1 200 OK"
2026-02-13 07:52:21,656 [INFO] httpx: HTTP Request: GET https://httpbin.org/spec.json "HTTP/1.1 200 OK"
2026-02-13 07:53:13,709 [INFO] httpx: HTTP Request: GET https://httpbin.org/spec.json "HTTP/1.1 200 OK"
2026-02-13 07:53:34,720 [INFO] httpx: HTTP Request: GET https://httpbin.org/spec.json "HTTP/1.1 200 OK"
2026-02-13 07:53:50,785 [INFO] httpx: HTTP Request: GET https://httpbin.org/spec.json "HTTP/1.1 200 OK"
2026-02-13 07:54:17,811 [INFO] httpx: HTTP Request: GET https://httpbin.org/bearer?gateway_key=apikey123 "HTTP/1.1 401 UNAUTHORIZED"
2026-02-13 07:55:05,577 [INFO] httpx: HTTP Request: GET https://httpbin.org/bearer?gateway_key=apikey123 "HTTP/1.1 401 UNAUTHORIZED"
2026-02-13 08:08:49,428 [INFO] httpx: HTTP Request: GET https://httpbin.org/spec.json "HTTP/1.1 200 OK"
2026-02-13 08:34:18,422 [INFO] httpx: HTTP Request: GET https://httpbin.org/spec.json "HTTP/1.1 200 OK"
2026-02-13 08:34:37,818 [INFO] httpx: HTTP Request: GET https://httpbin.org/get?gateway_key=apikey123 "HTTP/1.1 200 OK"
2026-02-13 11:52:06,715 [INFO] httpx: HTTP Request: GET https://httpbin.org/spec.json "HTTP/1.1 200 OK"
2026-02-13 11:54:01,452 [INFO] httpx: HTTP Request: GET https://httpbin.org/bearer?gateway_key=apikey123 "HTTP/1.1 401 UNAUTHORIZED"
2026-02-13 11:54:22,732 [INFO] httpx: HTTP Request: GET https://httpbin.org/headers?gateway_key=apikey123 "HTTP/1.1 200 OK"
2026-02-13 11:55:19,937 [INFO] httpx: HTTP Request: GET https://httpbin.org/headers?gateway_key=apikey123 "HTTP/1.1 200 OK"
2026-02-13 11:57:24,948 [INFO] httpx: HTTP Request: GET https://httpbin.org/spec.json "HTTP/1.1 200 OK"
2026-02-13 11:57:30,967 [INFO] httpx: HTTP Request: GET https://httpbin.org/spec.json "HTTP/1.1 200 OK"
2026-02-13 11:57:35,067 [INFO] httpx: HTTP Request: GET https://httpbin.org/headers?gateway_key=apikey123 "HTTP/1.1 200 OK"
2026-02-13 11:57:37,117 [INFO] httpx: HTTP Request: GET https://httpbin.org/headers?gateway_key=apikey123 "HTTP/1.1 200 OK"
2026-02-13 11:57:40,190 [INFO] httpx: HTTP Request: GET https://httpbin.org/headers?gateway_key=apikey123 "HTTP/1.1 200 OK"
2026-02-13 11:57:56,564 [INFO] httpx: HTTP Request: GET https://httpbin.org/spec.json "HTTP/1.1 200 OK"
2026-02-13 11:58:12,647 [INFO] httpx: HTTP Request: GET https://httpbin.org/anything?gateway_key=apikey123 "HTTP/1.1 200 OK"
2026-02-13 11:58:27,393 [INFO] httpx: HTTP Request: GET https://httpbin.org/anything?gateway_key=apikey123 "HTTP/1.1 200 OK"
2026-02-13 12:04:00,914 [INFO] httpx: HTTP Request: GET https://httpbin.org/spec.json "HTTP/1.1 200 OK"
2026-02-13 12:05:14,538 [INFO] httpx: HTTP Request: GET https://httpbin.org/spec.json "HTTP/1.1 200 OK"
2026-02-13 12:05:21,042 [INFO] httpx: HTTP Request: GET https://httpbin.org/spec.json "HTTP/1.1 200 OK"
2026-02-13 12:05:43,273 [INFO] httpx: HTTP Request: GET https://httpbin.org/spec.json "HTTP/1.1 200 OK"
2026-02-13 12:05:49,288 [INFO] httpx: HTTP Request: GET https://httpbin.org/spec.json "HTTP/1.1 200 OK"
2026-02-13 12:05:55,665 [INFO] httpx: HTTP Request: GET https://httpbin.org/spec.json "HTTP/1.1 200 OK"
2026-02-13 12:06:26,345 [INFO] httpx: HTTP Request: GET https://httpbin.org/spec.json "HTTP/1.1 200 OK"
2026-02-13 12:06:32,663 [INFO] httpx: HTTP Request: GET https://httpbin.org/spec.json "HTTP/1.1 200 OK"
2026-02-13 12:06:38,578 [INFO] httpx: HTTP Request: GET https://httpbin.org/spec.json "HTTP/1.1 200 OK"
2026-02-13 12:07:17,162 [INFO] httpx: HTTP Request: GET https://httpbin.org/spec.json "HTTP/1.1 200 OK"
2026-02-13 12:07:23,227 [INFO] httpx: HTTP Request: GET https://httpbin.org/spec.json "HTTP/1.1 200 OK"
2026-02-13 12:07:30,467 [INFO] httpx: HTTP Request: GET https://httpbin.org/spec.json "HTTP/1.1 200 OK"
2026-02-13 12:07:37,512 [INFO] httpx: HTTP Request: GET https://httpbin.org/spec.json "HTTP/1.1 200 OK"
2026-02-13 12:07:43,763 [INFO] httpx: HTTP Request: GET https://httpbin.org/spec.json "HTTP/1.1 200 OK"
2026-02-13 12:08:12,340 [INFO] httpx: HTTP Request: GET https://httpbin.org/spec.json "HTTP/1.1 200 OK"
2026-02-13 12:08:19,635 [INFO] httpx: HTTP Request: GET https://httpbin.org/spec.json "HTTP/1.1 200 OK"
2026-02-13 12:08:26,097 [INFO] httpx: HTTP Request: GET https://httpbin.org/spec.json "HTTP/1.1 200 OK"
2026-02-13 12:08:32,575 [INFO] httpx: HTTP Request: GET https://httpbin.org/spec.json "HTTP/1.1 200 OK"
2026-02-13 12:08:39,156 [INFO] httpx: HTTP Request: GET https://httpbin.org/spec.json "HTTP/1.1 200 OK"
2026-02-13 12:08:47,396 [INFO] httpx: HTTP Request: GET https://httpbin.org/spec.json "HTTP/1.1 200 OK"
2026-02-13 12:08:53,441 [INFO] httpx: HTTP Request: GET https://httpbin.org/spec.json "HTTP/1.1 200 OK"
2026-02-13 12:08:59,389 [INFO] httpx: HTTP Request: GET https://httpbin.org/spec.json "HTTP/1.1 200 OK"
2026-02-13 12:09:28,766 [INFO] httpx: HTTP Request: GET https://httpbin.org/spec.json "HTTP/1.1 200 OK"
2026-02-13 12:09:36,973 [INFO] httpx: HTTP Request: GET https://httpbin.org/spec.json "HTTP/1.1 200 OK"
2026-02-13 12:09:43,364 [INFO] httpx: HTTP Request: GET https://httpbin.org/spec.json "HTTP/1.1 200 OK"
2026-02-13 12:09:49,552 [INFO] httpx: HTTP Request: GET https://httpbin.org/spec.json "HTTP/1.1 200 OK"
2026-02-13 12:09:55,640 [INFO] httpx: HTTP Request: GET https://httpbin.org/spec.json "HTTP/1.1 200 OK"
2026-02-13 12:10:01,869 [INFO] httpx: HTTP Request: GET https://httpbin.org/spec.json "HTTP/1.1 200 OK"
2026-02-13 12:10:07,984 [INFO] httpx: HTTP Request: GET https://httpbin.org/spec.json "HTTP/1.1 200 OK"
2026-02-13 12:10:32,672 [INFO] httpx: HTTP Request: GET https://httpbin.org/spec.json "HTTP/1.1 200 OK"
2026-02-13 12:10:39,306 [INFO] httpx: HTTP Request: GET https://httpbin.org/spec.json "HTTP/1.1 200 OK"
2026-02-13 12:10:45,492 [INFO] httpx: HTTP Request: GET https://httpbin.org/spec.json "HTTP/1.1 200 OK"
2026-02-13 12:10:51,826 [INFO] httpx: HTTP Request: GET https://httpbin.org/spec.json "HTTP/1.1 200 OK"
2026-02-13 12:10:58,034 [INFO] httpx: HTTP Request: GET https://httpbin.org/spec.json "HTTP/1.1 200 OK"
2026-02-13 12:11:07,990 [INFO] httpx: HTTP Request: GET https://httpbin.org/spec.json "HTTP/1.1 200 OK"
2026-02-13 12:11:13,904 [INFO] httpx: HTTP Request: GET https://httpbin.org/spec.json "HTTP/1.1 200 OK"
2026-02-13 12:11:34,567 [INFO] httpx: HTTP Request: GET https://httpbin.org/spec.json "HTTP/1.1 200 OK"
2026-02-13 12:11:40,408 [INFO] httpx: HTTP Request: GET https://httpbin.org/spec.json "HTTP/1.1 200 OK"
2026-02-13 12:11:54,596 [INFO] httpx: HTTP Request: GET https://httpbin.org/get?gateway_key=apikey123 "HTTP/1.1 200 OK"
2026-02-13 12:12:41,144 [INFO] httpx: HTTP Request: DELETE https://httpbin.org/delete?gateway_key=apikey123 "HTTP/1.1 200 OK"
2026-02-13 13:57:33,711 [INFO] httpx: HTTP Request: GET https://httpbin.org/spec.json "HTTP/1.1 200 OK"
2026-02-13 13:58:18,364 [INFO] httpx: HTTP Request: GET https://sebright.uksouth.cloudapp.azure.com/api/TidesSDK/swagger/docs/v1 "HTTP/1.1 200 OK"
2026-02-13 13:59:40,555 [INFO] httpx: HTTP Request: GET https://httpbin.org/spec.json "HTTP/1.1 200 OK"
2026-02-13 13:59:40,777 [INFO] httpx: HTTP Request: GET https://sebright.uksouth.cloudapp.azure.com/api/TidesSDK/swagger/docs/v1 "HTTP/1.1 200 OK"
2026-02-13 13:59:40,817 [INFO] httpx: HTTP Request: GET http://ociweb.ddns.net:8010/openapi.json "HTTP/1.1 200 OK"
2026-02-13 13:59:40,821 [INFO] httpx: HTTP Request: GET http://ociweb.ddns.net:8070/traccar "HTTP/1.1 307 Temporary Redirect"
2026-02-13 13:59:51,240 [INFO] httpx: HTTP Request: GET https://httpbin.org/spec.json "HTTP/1.1 200 OK"
2026-02-13 13:59:51,386 [INFO] httpx: HTTP Request: GET https://sebright.uksouth.cloudapp.azure.com/api/TidesSDK/swagger/docs/v1 "HTTP/1.1 200 OK"
2026-02-13 13:59:51,397 [INFO] httpx: HTTP Request: GET http://ociweb.ddns.net:8010/openapi.json "HTTP/1.1 200 OK"
2026-02-13 13:59:51,402 [INFO] httpx: HTTP Request: GET http://ociweb.ddns.net:8070/traccar "HTTP/1.1 307 Temporary Redirect"
2026-02-13 13:59:57,475 [INFO] httpx: HTTP Request: GET https://httpbin.org/spec.json "HTTP/1.1 200 OK"
2026-02-13 13:59:57,640 [INFO] httpx: HTTP Request: GET https://sebright.uksouth.cloudapp.azure.com/api/TidesSDK/swagger/docs/v1 "HTTP/1.1 200 OK"
2026-02-13 13:59:57,652 [INFO] httpx: HTTP Request: GET http://ociweb.ddns.net:8010/openapi.json "HTTP/1.1 200 OK"
2026-02-13 13:59:57,658 [INFO] httpx: HTTP Request: GET http://ociweb.ddns.net:8070/traccar "HTTP/1.1 307 Temporary Redirect"
2026-02-13 14:00:04,946 [INFO] httpx: HTTP Request: GET https://httpbin.org/spec.json "HTTP/1.1 200 OK"
2026-02-13 14:00:05,097 [INFO] httpx: HTTP Request: GET https://sebright.uksouth.cloudapp.azure.com/api/TidesSDK/swagger/docs/v1 "HTTP/1.1 200 OK"
2026-02-13 14:00:05,109 [INFO] httpx: HTTP Request: GET http://ociweb.ddns.net:8010/openapi.json "HTTP/1.1 200 OK"
2026-02-13 14:00:05,114 [INFO] httpx: HTTP Request: GET http://ociweb.ddns.net:8070/traccar "HTTP/1.1 307 Temporary Redirect"
2026-02-13 15:18:09,015 [INFO] httpx: HTTP Request: GET https://httpbin.org/spec.json "HTTP/1.1 200 OK"
2026-02-13 15:18:10,583 [INFO] httpx: HTTP Request: GET https://sebright.uksouth.cloudapp.azure.com/api/TidesSDK/swagger/docs/v1 "HTTP/1.1 200 OK"
2026-02-13 15:18:10,609 [INFO] httpx: HTTP Request: GET http://ociweb.ddns.net:8010/openapi.json "HTTP/1.1 200 OK"
2026-02-13 15:18:10,615 [INFO] httpx: HTTP Request: GET http://ociweb.ddns.net:8070/traccar "HTTP/1.1 307 Temporary Redirect"
2026-02-13 15:18:17,485 [INFO] httpx: HTTP Request: GET https://httpbin.org/spec.json "HTTP/1.1 200 OK"
2026-02-13 15:18:17,634 [INFO] httpx: HTTP Request: GET https://sebright.uksouth.cloudapp.azure.com/api/TidesSDK/swagger/docs/v1 "HTTP/1.1 200 OK"
2026-02-13 15:18:17,646 [INFO] httpx: HTTP Request: GET http://ociweb.ddns.net:8010/openapi.json "HTTP/1.1 200 OK"
2026-02-13 15:18:17,651 [INFO] httpx: HTTP Request: GET http://ociweb.ddns.net:8070/traccar "HTTP/1.1 307 Temporary Redirect"
2026-02-13 15:18:24,974 [INFO] httpx: HTTP Request: GET https://httpbin.org/spec.json "HTTP/1.1 200 OK"
2026-02-13 15:18:25,125 [INFO] httpx: HTTP Request: GET https://sebright.uksouth.cloudapp.azure.com/api/TidesSDK/swagger/docs/v1 "HTTP/1.1 200 OK"
2026-02-13 15:18:25,137 [INFO] httpx: HTTP Request: GET http://ociweb.ddns.net:8010/openapi.json "HTTP/1.1 200 OK"
2026-02-13 15:18:25,142 [INFO] httpx: HTTP Request: GET http://ociweb.ddns.net:8070/traccar "HTTP/1.1 307 Temporary Redirect"
2026-02-13 15:18:33,188 [INFO] httpx: HTTP Request: GET https://sebright.uksouth.cloudapp.azure.com/api/TidesSDK/swagger/docs/v1 "HTTP/1.1 200 OK"
2026-02-13 15:18:47,271 [INFO] httpx: HTTP Request: GET https://sebright.uksouth.cloudapp.azure.com/api/TidesSDK/swagger/docs/v1 "HTTP/1.1 200 OK"
2026-02-13 15:19:32,957 [INFO] httpx: HTTP Request: GET https://sebright.uksouth.cloudapp.azure.com/api/TidesSDK/swagger/docs/v1 "HTTP/1.1 200 OK"
2026-02-13 15:20:25,050 [INFO] httpx: HTTP Request: GET https://httpbin.org/spec.json "HTTP/1.1 200 OK"
2026-02-13 15:20:35,299 [INFO] httpx: HTTP Request: GET http://ociweb.ddns.net:8010/openapi.json "HTTP/1.1 200 OK"
2026-02-13 15:20:44,748 [INFO] httpx: HTTP Request: GET http://ociweb.ddns.net:8070/traccar "HTTP/1.1 307 Temporary Redirect"
2026-02-13 15:22:29,536 [INFO] httpx: HTTP Request: GET https://sebright.uksouth.cloudapp.azure.com/api/TidesSDK/swagger/docs/v1 "HTTP/1.1 200 OK"
2026-02-13 15:23:37,098 [INFO] httpx: HTTP Request: GET https://httpbin.org/spec.json "HTTP/1.1 200 OK"
2026-02-13 15:23:37,256 [INFO] httpx: HTTP Request: GET https://sebright.uksouth.cloudapp.azure.com/api/TidesSDK/swagger/docs/v1 "HTTP/1.1 200 OK"
2026-02-13 15:23:37,283 [INFO] httpx: HTTP Request: GET http://ociweb.ddns.net:8010/openapi.json "HTTP/1.1 200 OK"
2026-02-13 15:23:43,582 [INFO] httpx: HTTP Request: GET https://httpbin.org/spec.json "HTTP/1.1 200 OK"
2026-02-13 15:23:43,716 [INFO] httpx: HTTP Request: GET https://sebright.uksouth.cloudapp.azure.com/api/TidesSDK/swagger/docs/v1 "HTTP/1.1 200 OK"
2026-02-13 15:23:43,729 [INFO] httpx: HTTP Request: GET http://ociweb.ddns.net:8010/openapi.json "HTTP/1.1 200 OK"
2026-02-13 15:23:50,345 [INFO] httpx: HTTP Request: GET https://httpbin.org/spec.json "HTTP/1.1 200 OK"
2026-02-13 15:23:50,491 [INFO] httpx: HTTP Request: GET https://sebright.uksouth.cloudapp.azure.com/api/TidesSDK/swagger/docs/v1 "HTTP/1.1 200 OK"
2026-02-13 15:23:50,503 [INFO] httpx: HTTP Request: GET http://ociweb.ddns.net:8010/openapi.json "HTTP/1.1 200 OK"
2026-02-13 15:23:57,286 [INFO] httpx: HTTP Request: GET https://sebright.uksouth.cloudapp.azure.com/api/TidesSDK/swagger/docs/v1 "HTTP/1.1 200 OK"
2026-02-13 15:24:55,101 [INFO] httpx: HTTP Request: GET https://httpbin.org/spec.json "HTTP/1.1 200 OK"
2026-02-13 15:24:55,324 [INFO] httpx: HTTP Request: GET https://sebright.uksouth.cloudapp.azure.com/api/TidesSDK/swagger/docs/v1 "HTTP/1.1 200 OK"
2026-02-13 15:24:55,344 [INFO] httpx: HTTP Request: GET http://ociweb.ddns.net:8010/openapi.json "HTTP/1.1 200 OK"
2026-02-13 15:25:28,963 [INFO] httpx: HTTP Request: GET https://httpbin.org/spec.json "HTTP/1.1 200 OK"
2026-02-13 15:25:29,109 [INFO] httpx: HTTP Request: GET https://sebright.uksouth.cloudapp.azure.com/api/TidesSDK/swagger/docs/v1 "HTTP/1.1 200 OK"
2026-02-13 15:25:29,120 [INFO] httpx: HTTP Request: GET http://ociweb.ddns.net:8010/openapi.json "HTTP/1.1 200 OK"
2026-02-13 15:25:34,293 [INFO] httpx: HTTP Request: GET https://sebright.uksouth.cloudapp.azure.com/api/TidesSDK/swagger/docs/v1 "HTTP/1.1 200 OK"
2026-02-13 15:26:56,168 [INFO] httpx: HTTP Request: GET https://httpbin.org/spec.json "HTTP/1.1 200 OK"
2026-02-13 15:26:56,404 [INFO] httpx: HTTP Request: GET https://sebright.uksouth.cloudapp.azure.com/api/TidesSDK/swagger/docs/v1 "HTTP/1.1 200 OK"
2026-02-13 15:26:56,431 [INFO] httpx: HTTP Request: GET http://ociweb.ddns.net:8010/openapi.json "HTTP/1.1 200 OK"
2026-02-13 15:27:02,733 [INFO] httpx: HTTP Request: GET https://httpbin.org/spec.json "HTTP/1.1 200 OK"
2026-02-13 15:27:02,955 [INFO] httpx: HTTP Request: GET https://sebright.uksouth.cloudapp.azure.com/api/TidesSDK/swagger/docs/v1 "HTTP/1.1 200 OK"
2026-02-13 15:27:02,967 [INFO] httpx: HTTP Request: GET http://ociweb.ddns.net:8010/openapi.json "HTTP/1.1 200 OK"
2026-02-13 15:27:08,498 [INFO] httpx: HTTP Request: GET https://sebright.uksouth.cloudapp.azure.com/api/TidesSDK/swagger/docs/v1 "HTTP/1.1 200 OK"
2026-02-13 15:28:35,210 [INFO] httpx: HTTP Request: GET https://httpbin.org/spec.json "HTTP/1.1 200 OK"
2026-02-13 15:28:35,381 [INFO] httpx: HTTP Request: GET https://sebright.uksouth.cloudapp.azure.com/api/TidesSDK/swagger/docs/v1 "HTTP/1.1 200 OK"
2026-02-13 15:28:35,401 [INFO] httpx: HTTP Request: GET http://ociweb.ddns.net:8010/openapi.json "HTTP/1.1 200 OK"
2026-02-13 15:28:41,723 [INFO] httpx: HTTP Request: GET https://httpbin.org/spec.json "HTTP/1.1 200 OK"
2026-02-13 15:28:41,775 [INFO] httpx: HTTP Request: GET https://sebright.uksouth.cloudapp.azure.com/api/TidesSDK/swagger/docs/v1 "HTTP/1.1 200 OK"
2026-02-13 15:28:41,787 [INFO] httpx: HTTP Request: GET http://ociweb.ddns.net:8010/openapi.json "HTTP/1.1 200 OK"
2026-02-13 15:28:46,976 [INFO] httpx: HTTP Request: GET https://sebright.uksouth.cloudapp.azure.com/api/TidesSDK/swagger/docs/v1 "HTTP/1.1 200 OK"
2026-02-13 15:29:47,516 [INFO] httpx: HTTP Request: GET https://httpbin.org/spec.json "HTTP/1.1 200 OK"
2026-02-13 15:29:47,710 [INFO] httpx: HTTP Request: GET https://sebright.uksouth.cloudapp.azure.com/api/TidesSDK/swagger/docs/v1 "HTTP/1.1 200 OK"
2026-02-13 15:29:47,729 [INFO] httpx: HTTP Request: GET http://ociweb.ddns.net:8010/openapi.json "HTTP/1.1 200 OK"
2026-02-13 15:29:53,352 [INFO] httpx: HTTP Request: GET https://sebright.uksouth.cloudapp.azure.com/api/TidesSDK/swagger/docs/v1 "HTTP/1.1 200 OK"
2026-02-13 15:30:30,000 [INFO] httpx: HTTP Request: GET https://httpbin.org/spec.json "HTTP/1.1 200 OK"
2026-02-13 15:30:30,149 [INFO] httpx: HTTP Request: GET https://sebright.uksouth.cloudapp.azure.com/api/TidesSDK/swagger/docs/v1 "HTTP/1.1 200 OK"
2026-02-13 15:30:30,162 [INFO] httpx: HTTP Request: GET http://ociweb.ddns.net:8010/openapi.json "HTTP/1.1 200 OK"
2026-02-13 15:30:36,548 [INFO] httpx: HTTP Request: GET https://httpbin.org/spec.json "HTTP/1.1 200 OK"
2026-02-13 15:30:36,686 [INFO] httpx: HTTP Request: GET https://sebright.uksouth.cloudapp.azure.com/api/TidesSDK/swagger/docs/v1 "HTTP/1.1 200 OK"
2026-02-13 15:30:36,699 [INFO] httpx: HTTP Request: GET http://ociweb.ddns.net:8010/openapi.json "HTTP/1.1 200 OK"
2026-02-13 15:30:41,889 [INFO] httpx: HTTP Request: GET https://sebright.uksouth.cloudapp.azure.com/api/TidesSDK/swagger/docs/v1 "HTTP/1.1 200 OK"
2026-02-13 15:30:54,257 [INFO] httpx: HTTP Request: GET https://sebright.uksouth.cloudapp.azure.com/api/TidesSDK/api/v1/Stations/EasystreamPrediction?id=0532&gateway_key=ukho_337900&api_key=apikey123 "HTTP/1.1 403 API Key is invalid."
2026-02-13 15:31:41,218 [INFO] httpx: HTTP Request: GET https://httpbin.org/spec.json "HTTP/1.1 200 OK"
2026-02-13 15:31:41,368 [INFO] httpx: HTTP Request: GET https://sebright.uksouth.cloudapp.azure.com/api/TidesSDK/swagger/docs/v1 "HTTP/1.1 200 OK"
2026-02-13 15:31:41,388 [INFO] httpx: HTTP Request: GET http://ociweb.ddns.net:8010/openapi.json "HTTP/1.1 200 OK"
2026-02-13 15:31:48,340 [INFO] httpx: HTTP Request: GET https://httpbin.org/spec.json "HTTP/1.1 200 OK"
2026-02-13 15:31:48,487 [INFO] httpx: HTTP Request: GET https://sebright.uksouth.cloudapp.azure.com/api/TidesSDK/swagger/docs/v1 "HTTP/1.1 200 OK"
2026-02-13 15:31:48,500 [INFO] httpx: HTTP Request: GET http://ociweb.ddns.net:8010/openapi.json "HTTP/1.1 200 OK"
2026-02-13 15:31:55,816 [INFO] httpx: HTTP Request: GET https://httpbin.org/spec.json "HTTP/1.1 200 OK"
2026-02-13 15:31:55,971 [INFO] httpx: HTTP Request: GET https://sebright.uksouth.cloudapp.azure.com/api/TidesSDK/swagger/docs/v1 "HTTP/1.1 200 OK"
2026-02-13 15:31:55,983 [INFO] httpx: HTTP Request: GET http://ociweb.ddns.net:8010/openapi.json "HTTP/1.1 200 OK"
2026-02-13 15:32:02,149 [INFO] httpx: HTTP Request: GET https://httpbin.org/spec.json "HTTP/1.1 200 OK"
2026-02-13 15:32:02,289 [INFO] httpx: HTTP Request: GET https://sebright.uksouth.cloudapp.azure.com/api/TidesSDK/swagger/docs/v1 "HTTP/1.1 200 OK"
2026-02-13 15:32:02,302 [INFO] httpx: HTTP Request: GET http://ociweb.ddns.net:8010/openapi.json "HTTP/1.1 200 OK"
2026-02-13 15:32:07,506 [INFO] httpx: HTTP Request: GET https://sebright.uksouth.cloudapp.azure.com/api/TidesSDK/swagger/docs/v1 "HTTP/1.1 200 OK"
2026-02-13 15:32:22,719 [INFO] httpx: HTTP Request: GET https://sebright.uksouth.cloudapp.azure.com/api/TidesSDK/api/v1/Stations/EasytidePrediction?portId=0532&gateway_key=apikey123&api_key=ukho_337900 "HTTP/1.1 200 OK"
2026-02-13 15:32:53,057 [INFO] httpx: HTTP Request: GET https://httpbin.org/spec.json "HTTP/1.1 200 OK"
2026-02-13 15:33:00,919 [INFO] httpx: HTTP Request: GET https://httpbin.org/get?gateway_key=apikey123 "HTTP/1.1 200 OK"
2026-02-13 15:33:11,651 [INFO] httpx: HTTP Request: GET http://ociweb.ddns.net:8010/openapi.json "HTTP/1.1 200 OK"
2026-02-13 15:33:24,094 [INFO] httpx: HTTP Request: GET http://ociweb.ddns.net:8010/wurdle?guess=pause&hide=True&gateway_key=apikey123 "HTTP/1.1 200 OK"
2026-02-13 15:34:01,821 [INFO] httpx: HTTP Request: GET https://sebright.uksouth.cloudapp.azure.com/api/TidesSDK/swagger/docs/v1 "HTTP/1.1 200 OK"
2026-02-13 15:38:51,956 [INFO] httpx: HTTP Request: GET https://httpbin.org/spec.json "HTTP/1.1 200 OK"
2026-02-13 15:38:52,135 [INFO] httpx: HTTP Request: GET https://sebright.uksouth.cloudapp.azure.com/api/TidesSDK/swagger/docs/v1 "HTTP/1.1 200 OK"
2026-02-13 15:38:52,154 [INFO] httpx: HTTP Request: GET http://ociweb.ddns.net:8010/openapi.json "HTTP/1.1 200 OK"
2026-02-13 15:38:58,675 [INFO] httpx: HTTP Request: GET https://httpbin.org/spec.json "HTTP/1.1 200 OK"
2026-02-13 15:38:58,834 [INFO] httpx: HTTP Request: GET https://sebright.uksouth.cloudapp.azure.com/api/TidesSDK/swagger/docs/v1 "HTTP/1.1 200 OK"
2026-02-13 15:38:58,847 [INFO] httpx: HTTP Request: GET http://ociweb.ddns.net:8010/openapi.json "HTTP/1.1 200 OK"
2026-02-13 15:39:05,027 [INFO] httpx: HTTP Request: GET https://httpbin.org/spec.json "HTTP/1.1 200 OK"
2026-02-13 15:39:05,184 [INFO] httpx: HTTP Request: GET https://sebright.uksouth.cloudapp.azure.com/api/TidesSDK/swagger/docs/v1 "HTTP/1.1 200 OK"
2026-02-13 15:39:05,196 [INFO] httpx: HTTP Request: GET http://ociweb.ddns.net:8010/openapi.json "HTTP/1.1 200 OK"
2026-02-13 15:39:11,358 [INFO] httpx: HTTP Request: GET https://httpbin.org/spec.json "HTTP/1.1 200 OK"
2026-02-13 15:39:11,500 [INFO] httpx: HTTP Request: GET https://sebright.uksouth.cloudapp.azure.com/api/TidesSDK/swagger/docs/v1 "HTTP/1.1 200 OK"
2026-02-13 15:39:11,512 [INFO] httpx: HTTP Request: GET http://ociweb.ddns.net:8010/openapi.json "HTTP/1.1 200 OK"
2026-02-13 16:59:19,238 [INFO] httpx: HTTP Request: GET https://httpbin.org/spec.json "HTTP/1.1 200 OK"
2026-02-14 16:39:23,511 [INFO] httpx: HTTP Request: GET https://httpbin.org/spec.json "HTTP/1.1 200 OK"
